"clang -o conftest -I/Users/ethan/.rbenv/versions/2.0.0-p0/include/ruby-2.0.0/x86_64-darwin12.3.0 -I/Users/ethan/.rbenv/versions/2.0.0-p0/include/ruby-2.0.0/ruby/backward -I/Users/ethan/.rbenv/versions/2.0.0-p0/include/ruby-2.0.0 -I. -I'/Users/ethan/.rbenv/versions/2.0.0-p0/include'  -D_XOPEN_SOURCE -D_DARWIN_C_SOURCE -D_DARWIN_UNLIMITED_SELECT -D_REENTRANT     -Wno-error=shorten-64-to-32 -pipe conftest.c  -L. -L/Users/ethan/.rbenv/versions/2.0.0-p0/lib -lssl -lcrypto -lz     -lruby-static  -lpthread -ldl -lobjc "
checked program was:
/* begin */
1: #include "ruby.h"
2: 
3: int main(void) {return 0;}
/* end */

"clang -o conftest -I/Users/ethan/.rbenv/versions/2.0.0-p0/include/ruby-2.0.0/x86_64-darwin12.3.0 -I/Users/ethan/.rbenv/versions/2.0.0-p0/include/ruby-2.0.0/ruby/backward -I/Users/ethan/.rbenv/versions/2.0.0-p0/include/ruby-2.0.0 -I. -I'/Users/ethan/.rbenv/versions/2.0.0-p0/include'  -D_XOPEN_SOURCE -D_DARWIN_C_SOURCE -D_DARWIN_UNLIMITED_SELECT -D_REENTRANT     -Wno-error=shorten-64-to-32 -pipe conftest.c  -L. -L/Users/ethan/.rbenv/versions/2.0.0-p0/lib -lssl -lcrypto -lz     -lruby-static  -lpthread -ldl -lobjc "
checked program was:
/* begin */
1: #include "ruby.h"
2: 
3: int main() {return 0;}
/* end */

package configuration for openssl
cflags: 
ldflags: 
libs: -lssl -lcrypto -lz

have_var: checking for rb_trap_immediate in ruby.h,rubysig.h... -------------------- no

"clang -I/Users/ethan/.rbenv/versions/2.0.0-p0/include/ruby-2.0.0/x86_64-darwin12.3.0 -I/Users/ethan/.rbenv/versions/2.0.0-p0/include/ruby-2.0.0/ruby/backward -I/Users/ethan/.rbenv/versions/2.0.0-p0/include/ruby-2.0.0 -I. -I'/Users/ethan/.rbenv/versions/2.0.0-p0/include'  -D_XOPEN_SOURCE -D_DARWIN_C_SOURCE -D_DARWIN_UNLIMITED_SELECT -D_REENTRANT     -Wno-error=shorten-64-to-32 -pipe    -c conftest.c"
In file included from conftest.c:4:
/Users/ethan/.rbenv/versions/2.0.0-p0/include/ruby-2.0.0/ruby/backward/rubysig.h:14:2: warning: rubysig.h is obsolete [-W#warnings]
#warning rubysig.h is obsolete
 ^
conftest.c:9:55: error: use of undeclared identifier 'rb_trap_immediate'
int t(void) { const volatile void *volatile p; p = &(&rb_trap_immediate)[0]; return 0; }
                                                      ^
1 warning and 1 error generated.
checked program was:
/* begin */
1: #include "ruby.h"
2: 
3: #include <ruby.h>
4: #include <rubysig.h>
5: 
6: /*top*/
7: int main(void) {return 0;}
8: extern int t(void);
9: int t(void) { const volatile void *volatile p; p = &(&rb_trap_immediate)[0]; return 0; }
/* end */

--------------------

have_func: checking for rb_thread_blocking_region()... -------------------- yes

"clang -o conftest -I/Users/ethan/.rbenv/versions/2.0.0-p0/include/ruby-2.0.0/x86_64-darwin12.3.0 -I/Users/ethan/.rbenv/versions/2.0.0-p0/include/ruby-2.0.0/ruby/backward -I/Users/ethan/.rbenv/versions/2.0.0-p0/include/ruby-2.0.0 -I. -I'/Users/ethan/.rbenv/versions/2.0.0-p0/include'  -D_XOPEN_SOURCE -D_DARWIN_C_SOURCE -D_DARWIN_UNLIMITED_SELECT -D_REENTRANT     -Wno-error=shorten-64-to-32 -pipe  conftest.c  -L. -L/Users/ethan/.rbenv/versions/2.0.0-p0/lib -lssl -lcrypto -lz      -lssl -lcrypto -lz -lruby-static  -lssl -lcrypto -lz -lpthread -ldl -lobjc "
conftest.c:6:57: warning: 'rb_thread_blocking_region' is deprecated [-Wdeprecated-declarations]
int t(void) { void ((*volatile p)()); p = (void ((*)()))rb_thread_blocking_region; return 0; }
                                                        ^
/Users/ethan/.rbenv/versions/2.0.0-p0/include/ruby-2.0.0/ruby/intern.h:830:18: note: 'rb_thread_blocking_region' declared here
DEPRECATED(VALUE rb_thread_blocking_region(rb_blocking_function_t *func, void *data1,
                 ^
/Users/ethan/.rbenv/versions/2.0.0-p0/include/ruby-2.0.0/x86_64-darwin12.3.0/ruby/config.h:67:52: note: expanded from macro 'DEPRECATED'
#define DEPRECATED(x) __attribute__ ((deprecated)) x
                                                   ^
1 warning generated.
checked program was:
/* begin */
1: #include "ruby.h"
2: 
3: /*top*/
4: int main(void) {return 0;}
5: extern int t(void);
6: int t(void) { void ((*volatile p)()); p = (void ((*)()))rb_thread_blocking_region; return 0; }
/* end */

--------------------

have_func: checking for inotify_init() in sys/inotify.h... -------------------- no

"clang -o conftest -I/Users/ethan/.rbenv/versions/2.0.0-p0/include/ruby-2.0.0/x86_64-darwin12.3.0 -I/Users/ethan/.rbenv/versions/2.0.0-p0/include/ruby-2.0.0/ruby/backward -I/Users/ethan/.rbenv/versions/2.0.0-p0/include/ruby-2.0.0 -I. -I'/Users/ethan/.rbenv/versions/2.0.0-p0/include'  -D_XOPEN_SOURCE -D_DARWIN_C_SOURCE -D_DARWIN_UNLIMITED_SELECT -D_REENTRANT     -Wno-error=shorten-64-to-32 -pipe  conftest.c  -L. -L/Users/ethan/.rbenv/versions/2.0.0-p0/lib -lssl -lcrypto -lz      -lssl -lcrypto -lz -lruby-static  -lssl -lcrypto -lz -lpthread -ldl -lobjc "
conftest.c:3:10: fatal error: 'sys/inotify.h' file not found
#include <sys/inotify.h>
         ^
1 error generated.
checked program was:
/* begin */
1: #include "ruby.h"
2: 
3: #include <sys/inotify.h>
4: 
5: /*top*/
6: int main(void) {return 0;}
7: extern int t(void);
8: int t(void) { void ((*volatile p)()); p = (void ((*)()))inotify_init; return 0; }
/* end */

"clang -o conftest -I/Users/ethan/.rbenv/versions/2.0.0-p0/include/ruby-2.0.0/x86_64-darwin12.3.0 -I/Users/ethan/.rbenv/versions/2.0.0-p0/include/ruby-2.0.0/ruby/backward -I/Users/ethan/.rbenv/versions/2.0.0-p0/include/ruby-2.0.0 -I. -I'/Users/ethan/.rbenv/versions/2.0.0-p0/include'  -D_XOPEN_SOURCE -D_DARWIN_C_SOURCE -D_DARWIN_UNLIMITED_SELECT -D_REENTRANT     -Wno-error=shorten-64-to-32 -pipe  conftest.c  -L. -L/Users/ethan/.rbenv/versions/2.0.0-p0/lib -lssl -lcrypto -lz      -lssl -lcrypto -lz -lruby-static  -lssl -lcrypto -lz -lpthread -ldl -lobjc "
conftest.c:3:10: fatal error: 'sys/inotify.h' file not found
#include <sys/inotify.h>
         ^
1 error generated.
checked program was:
/* begin */
1: #include "ruby.h"
2: 
3: #include <sys/inotify.h>
4: 
5: /*top*/
6: int main(void) {return 0;}
7: extern int t(void);
8: int t(void) { inotify_init(); return 0; }
/* end */

--------------------

have_macro: checking for __NR_inotify_init in sys/syscall.h... -------------------- no

"clang -I/Users/ethan/.rbenv/versions/2.0.0-p0/include/ruby-2.0.0/x86_64-darwin12.3.0 -I/Users/ethan/.rbenv/versions/2.0.0-p0/include/ruby-2.0.0/ruby/backward -I/Users/ethan/.rbenv/versions/2.0.0-p0/include/ruby-2.0.0 -I. -I'/Users/ethan/.rbenv/versions/2.0.0-p0/include'  -D_XOPEN_SOURCE -D_DARWIN_C_SOURCE -D_DARWIN_UNLIMITED_SELECT -D_REENTRANT     -Wno-error=shorten-64-to-32 -pipe    -c conftest.c"
conftest.c:6:3: error: 
# error
  ^
conftest.c:7:1: error: expected identifier or '('
|:/ === __NR_inotify_init undefined === /:|
^
2 errors generated.
checked program was:
/* begin */
1: #include "ruby.h"
2: 
3: #include <sys/syscall.h>
4: /*top*/
5: #ifndef __NR_inotify_init
6: # error
7: |:/ === __NR_inotify_init undefined === /:|
8: #endif
/* end */

--------------------

have_func: checking for writev() in sys/uio.h... -------------------- yes

"clang -o conftest -I/Users/ethan/.rbenv/versions/2.0.0-p0/include/ruby-2.0.0/x86_64-darwin12.3.0 -I/Users/ethan/.rbenv/versions/2.0.0-p0/include/ruby-2.0.0/ruby/backward -I/Users/ethan/.rbenv/versions/2.0.0-p0/include/ruby-2.0.0 -I. -I'/Users/ethan/.rbenv/versions/2.0.0-p0/include'  -D_XOPEN_SOURCE -D_DARWIN_C_SOURCE -D_DARWIN_UNLIMITED_SELECT -D_REENTRANT     -Wno-error=shorten-64-to-32 -pipe  conftest.c  -L. -L/Users/ethan/.rbenv/versions/2.0.0-p0/lib -lssl -lcrypto -lz      -lssl -lcrypto -lz -lruby-static  -lssl -lcrypto -lz -lpthread -ldl -lobjc "
checked program was:
/* begin */
1: #include "ruby.h"
2: 
3: #include <sys/uio.h>
4: 
5: /*top*/
6: int main(void) {return 0;}
7: extern int t(void);
8: int t(void) { void ((*volatile p)()); p = (void ((*)()))writev; return 0; }
/* end */

--------------------

have_func: checking for rb_wait_for_single_fd()... -------------------- yes

"clang -o conftest -I/Users/ethan/.rbenv/versions/2.0.0-p0/include/ruby-2.0.0/x86_64-darwin12.3.0 -I/Users/ethan/.rbenv/versions/2.0.0-p0/include/ruby-2.0.0/ruby/backward -I/Users/ethan/.rbenv/versions/2.0.0-p0/include/ruby-2.0.0 -I. -I'/Users/ethan/.rbenv/versions/2.0.0-p0/include'  -D_XOPEN_SOURCE -D_DARWIN_C_SOURCE -D_DARWIN_UNLIMITED_SELECT -D_REENTRANT     -Wno-error=shorten-64-to-32 -pipe  conftest.c  -L. -L/Users/ethan/.rbenv/versions/2.0.0-p0/lib -lssl -lcrypto -lz      -lssl -lcrypto -lz -lruby-static  -lssl -lcrypto -lz -lpthread -ldl -lobjc "
conftest.c:6:57: error: use of undeclared identifier 'rb_wait_for_single_fd'
int t(void) { void ((*volatile p)()); p = (void ((*)()))rb_wait_for_single_fd; return 0; }
                                                        ^
1 error generated.
checked program was:
/* begin */
1: #include "ruby.h"
2: 
3: /*top*/
4: int main(void) {return 0;}
5: extern int t(void);
6: int t(void) { void ((*volatile p)()); p = (void ((*)()))rb_wait_for_single_fd; return 0; }
/* end */

"clang -o conftest -I/Users/ethan/.rbenv/versions/2.0.0-p0/include/ruby-2.0.0/x86_64-darwin12.3.0 -I/Users/ethan/.rbenv/versions/2.0.0-p0/include/ruby-2.0.0/ruby/backward -I/Users/ethan/.rbenv/versions/2.0.0-p0/include/ruby-2.0.0 -I. -I'/Users/ethan/.rbenv/versions/2.0.0-p0/include'  -D_XOPEN_SOURCE -D_DARWIN_C_SOURCE -D_DARWIN_UNLIMITED_SELECT -D_REENTRANT     -Wno-error=shorten-64-to-32 -pipe  conftest.c  -L. -L/Users/ethan/.rbenv/versions/2.0.0-p0/lib -lssl -lcrypto -lz      -lssl -lcrypto -lz -lruby-static  -lssl -lcrypto -lz -lpthread -ldl -lobjc "
conftest.c:6:15: warning: implicit declaration of function 'rb_wait_for_single_fd' is invalid in C99 [-Wimplicit-function-declaration]
int t(void) { rb_wait_for_single_fd(); return 0; }
              ^
1 warning generated.
checked program was:
/* begin */
1: #include "ruby.h"
2: 
3: /*top*/
4: int main(void) {return 0;}
5: extern int t(void);
6: int t(void) { rb_wait_for_single_fd(); return 0; }
/* end */

--------------------

have_func: checking for rb_enable_interrupt()... -------------------- no

"clang -o conftest -I/Users/ethan/.rbenv/versions/2.0.0-p0/include/ruby-2.0.0/x86_64-darwin12.3.0 -I/Users/ethan/.rbenv/versions/2.0.0-p0/include/ruby-2.0.0/ruby/backward -I/Users/ethan/.rbenv/versions/2.0.0-p0/include/ruby-2.0.0 -I. -I'/Users/ethan/.rbenv/versions/2.0.0-p0/include'  -D_XOPEN_SOURCE -D_DARWIN_C_SOURCE -D_DARWIN_UNLIMITED_SELECT -D_REENTRANT     -Wno-error=shorten-64-to-32 -pipe  conftest.c  -L. -L/Users/ethan/.rbenv/versions/2.0.0-p0/lib -lssl -lcrypto -lz      -lssl -lcrypto -lz -lruby-static  -lssl -lcrypto -lz -lpthread -ldl -lobjc "
conftest.c:6:57: error: use of undeclared identifier 'rb_enable_interrupt'
int t(void) { void ((*volatile p)()); p = (void ((*)()))rb_enable_interrupt; return 0; }
                                                        ^
1 error generated.
checked program was:
/* begin */
1: #include "ruby.h"
2: 
3: /*top*/
4: int main(void) {return 0;}
5: extern int t(void);
6: int t(void) { void ((*volatile p)()); p = (void ((*)()))rb_enable_interrupt; return 0; }
/* end */

"clang -o conftest -I/Users/ethan/.rbenv/versions/2.0.0-p0/include/ruby-2.0.0/x86_64-darwin12.3.0 -I/Users/ethan/.rbenv/versions/2.0.0-p0/include/ruby-2.0.0/ruby/backward -I/Users/ethan/.rbenv/versions/2.0.0-p0/include/ruby-2.0.0 -I. -I'/Users/ethan/.rbenv/versions/2.0.0-p0/include'  -D_XOPEN_SOURCE -D_DARWIN_C_SOURCE -D_DARWIN_UNLIMITED_SELECT -D_REENTRANT     -Wno-error=shorten-64-to-32 -pipe  conftest.c  -L. -L/Users/ethan/.rbenv/versions/2.0.0-p0/lib -lssl -lcrypto -lz      -lssl -lcrypto -lz -lruby-static  -lssl -lcrypto -lz -lpthread -ldl -lobjc "
conftest.c:6:15: warning: implicit declaration of function 'rb_enable_interrupt' is invalid in C99 [-Wimplicit-function-declaration]
int t(void) { rb_enable_interrupt(); return 0; }
              ^
1 warning generated.
Undefined symbols for architecture x86_64:
  "_rb_enable_interrupt", referenced from:
      _t in conftest-kPNkfg.o
ld: symbol(s) not found for architecture x86_64
clang: error: linker command failed with exit code 1 (use -v to see invocation)
checked program was:
/* begin */
1: #include "ruby.h"
2: 
3: /*top*/
4: int main(void) {return 0;}
5: extern int t(void);
6: int t(void) { rb_enable_interrupt(); return 0; }
/* end */

--------------------

have_func: checking for rb_time_new()... -------------------- yes

"clang -o conftest -I/Users/ethan/.rbenv/versions/2.0.0-p0/include/ruby-2.0.0/x86_64-darwin12.3.0 -I/Users/ethan/.rbenv/versions/2.0.0-p0/include/ruby-2.0.0/ruby/backward -I/Users/ethan/.rbenv/versions/2.0.0-p0/include/ruby-2.0.0 -I. -I'/Users/ethan/.rbenv/versions/2.0.0-p0/include'  -D_XOPEN_SOURCE -D_DARWIN_C_SOURCE -D_DARWIN_UNLIMITED_SELECT -D_REENTRANT     -Wno-error=shorten-64-to-32 -pipe  conftest.c  -L. -L/Users/ethan/.rbenv/versions/2.0.0-p0/lib -lssl -lcrypto -lz      -lssl -lcrypto -lz -lruby-static  -lssl -lcrypto -lz -lpthread -ldl -lobjc "
checked program was:
/* begin */
1: #include "ruby.h"
2: 
3: /*top*/
4: int main(void) {return 0;}
5: extern int t(void);
6: int t(void) { void ((*volatile p)()); p = (void ((*)()))rb_time_new; return 0; }
/* end */

--------------------

have_header: checking for sys/event.h... -------------------- yes

"clang -E -I/Users/ethan/.rbenv/versions/2.0.0-p0/include/ruby-2.0.0/x86_64-darwin12.3.0 -I/Users/ethan/.rbenv/versions/2.0.0-p0/include/ruby-2.0.0/ruby/backward -I/Users/ethan/.rbenv/versions/2.0.0-p0/include/ruby-2.0.0 -I. -I'/Users/ethan/.rbenv/versions/2.0.0-p0/include'  -D_XOPEN_SOURCE -D_DARWIN_C_SOURCE -D_DARWIN_UNLIMITED_SELECT -D_REENTRANT     -Wno-error=shorten-64-to-32 -pipe   conftest.c -o conftest.i"
checked program was:
/* begin */
1: #include "ruby.h"
2: 
3: #include <sys/event.h>
/* end */

--------------------

have_header: checking for sys/queue.h... -------------------- yes

"clang -E -I/Users/ethan/.rbenv/versions/2.0.0-p0/include/ruby-2.0.0/x86_64-darwin12.3.0 -I/Users/ethan/.rbenv/versions/2.0.0-p0/include/ruby-2.0.0/ruby/backward -I/Users/ethan/.rbenv/versions/2.0.0-p0/include/ruby-2.0.0 -I. -I'/Users/ethan/.rbenv/versions/2.0.0-p0/include'  -D_XOPEN_SOURCE -D_DARWIN_C_SOURCE -D_DARWIN_UNLIMITED_SELECT -D_REENTRANT     -Wno-error=shorten-64-to-32 -pipe   conftest.c -o conftest.i"
checked program was:
/* begin */
1: #include "ruby.h"
2: 
3: #include <sys/queue.h>
/* end */

--------------------

"g++ -o conftest -I/Users/ethan/.rbenv/versions/2.0.0-p0/include/ruby-2.0.0/x86_64-darwin12.3.0 -I/Users/ethan/.rbenv/versions/2.0.0-p0/include/ruby-2.0.0/ruby/backward -I/Users/ethan/.rbenv/versions/2.0.0-p0/include/ruby-2.0.0 -I. -I'/Users/ethan/.rbenv/versions/2.0.0-p0/include'  -D_XOPEN_SOURCE -D_DARWIN_C_SOURCE -D_DARWIN_UNLIMITED_SELECT -D_REENTRANT     -Wno-error=shorten-64-to-32 -pipe  conftest.c  -L. -L/Users/ethan/.rbenv/versions/2.0.0-p0/lib -lssl -lcrypto -lz      -lssl -lcrypto -lz -lruby-static -lstdc++ -lpthread -ldl -lobjc "
checked program was:
/* begin */
1: #include "ruby.h"
2: 
3:   #include <utility>
4:   using namespace std;
5:   int main(){ pair<int,int> tuple = make_pair(1,2); }
/* end */

